TN:
SF:/home/user/payments-table/src/polyfills.ts
FNF:0
FNH:0
LF:0
LH:0
BRF:0
BRH:0
end_of_record
TN:
SF:/home/user/payments-table/src/test.ts
FNF:0
FNH:0
DA:13,1
DA:18,1
DA:20,1
LF:3
LH:3
BRF:0
BRH:0
end_of_record
TN:
SF:/home/user/payments-table/src/app/app.component.ts
FN:8,(anonymous_1)
FN:3,AppComponent
FNF:2
FNH:2
FNDA:1,(anonymous_1)
FNDA:1,AppComponent
DA:8,1
DA:9,1
DA:10,1
LF:3
LH:3
BRF:0
BRH:0
end_of_record
TN:
SF:/home/user/payments-table/src/app/components/header/header.component.ts
FN:10,(anonymous_2)
FN:15,HeaderComponent
FN:17,(anonymous_4)
FN:25,(anonymous_5)
FNF:4
FNH:4
FNDA:1,(anonymous_2)
FNDA:15,HeaderComponent
FNDA:11,(anonymous_4)
FNDA:1,(anonymous_5)
DA:10,1
DA:12,16
DA:15,15
DA:17,1
DA:18,11
DA:25,1
DA:26,1
DA:28,1
DA:30,1
DA:31,1
DA:32,1
DA:35,1
LF:12
LH:12
BRF:0
BRH:0
end_of_record
TN:
SF:/home/user/payments-table/src/app/components/main/main.component.ts
FN:12,(anonymous_2)
FN:17,MainComponent
FN:22,(anonymous_4)
FN:26,(anonymous_5)
FN:28,(anonymous_6)
FN:34,(anonymous_7)
FN:38,(anonymous_8)
FN:43,(anonymous_9)
FNF:8
FNH:8
FNDA:1,(anonymous_2)
FNDA:6,MainComponent
FNDA:5,(anonymous_4)
FNDA:6,(anonymous_5)
FNDA:6,(anonymous_6)
FNDA:1,(anonymous_7)
FNDA:1,(anonymous_8)
FNDA:1,(anonymous_9)
DA:12,1
DA:18,6
DA:19,6
DA:22,1
DA:23,5
DA:26,6
DA:27,6
DA:29,6
DA:30,6
DA:34,1
DA:35,1
DA:38,1
DA:39,1
DA:40,1
DA:43,1
DA:44,1
DA:47,1
DA:49,1
LF:18
LH:18
BRDA:45,0,0,1
BRDA:45,0,1,0
BRF:2
BRH:1
end_of_record
TN:
SF:/home/user/payments-table/src/app/components/summary/summary.component.ts
FN:8,(anonymous_2)
FN:12,SummaryComponent
FN:14,(anonymous_4)
FNF:3
FNH:3
FNDA:1,(anonymous_2)
FNDA:7,SummaryComponent
FNDA:2,(anonymous_4)
DA:8,1
DA:10,1
DA:14,1
DA:17,1
LF:4
LH:4
BRF:0
BRH:0
end_of_record
TN:
SF:/home/user/payments-table/src/app/components/table/table.component.ts
FN:12,(anonymous_2)
FN:20,TableComponent
FN:22,(anonymous_4)
FN:24,(anonymous_5)
FN:29,(anonymous_6)
FNF:5
FNH:4
FNDA:1,(anonymous_2)
FNDA:10,TableComponent
FNDA:2,(anonymous_4)
FNDA:0,(anonymous_5)
FNDA:1,(anonymous_6)
DA:12,1
DA:14,1
DA:16,11
DA:17,11
DA:18,1
DA:22,2
DA:24,1
DA:25,0
DA:26,0
DA:29,1
DA:30,1
DA:31,1
DA:32,1
DA:34,1
LF:14
LH:12
BRF:0
BRH:0
end_of_record
TN:
SF:/home/user/payments-table/src/app/mock/ payments.ts
FNF:0
FNH:0
DA:4,1
DA:42,1
LF:2
LH:2
BRF:0
BRH:0
end_of_record
TN:
SF:/home/user/payments-table/src/app/mock/months.ts
FNF:0
FNH:0
DA:4,1
DA:54,1
DA:103,1
DA:153,1
DA:202,1
DA:252,1
DA:302,1
DA:352,1
DA:402,1
DA:406,1
LF:10
LH:10
BRF:0
BRH:0
end_of_record
TN:
SF:/home/user/payments-table/src/app/models/payment.ts
FN:3,(anonymous_0)
FNF:1
FNH:1
FNDA:3,(anonymous_0)
DA:3,1
DA:7,1
LF:2
LH:2
BRF:0
BRH:0
end_of_record
TN:
SF:/home/user/payments-table/src/app/services/api.service.ts
FN:9,(anonymous_2)
FN:11,ApiService
FN:13,(anonymous_4)
FNF:3
FNH:3
FNDA:1,(anonymous_2)
FNDA:8,ApiService
FNDA:7,(anonymous_4)
DA:9,1
DA:13,1
DA:14,7
DA:16,1
LF:4
LH:4
BRF:0
BRH:0
end_of_record
TN:
SF:/home/user/payments-table/src/app/services/payment.service.ts
FN:9,(anonymous_2)
FN:11,PaymentService
FN:13,(anonymous_4)
FN:24,(anonymous_5)
FN:30,(anonymous_6)
FN:39,(anonymous_7)
FN:41,(anonymous_8)
FN:44,(anonymous_9)
FNF:8
FNH:8
FNDA:1,(anonymous_2)
FNDA:11,PaymentService
FNDA:2,(anonymous_4)
FNDA:2,(anonymous_5)
FNDA:2,(anonymous_6)
FNDA:7,(anonymous_7)
FNDA:47,(anonymous_8)
FNDA:564,(anonymous_9)
DA:9,1
DA:13,1
DA:14,2
DA:15,2
DA:16,24
DA:18,2
DA:19,2
DA:20,2
DA:21,2
DA:24,1
DA:25,2
DA:26,2
DA:27,2
DA:30,1
DA:31,2
DA:32,2
DA:33,24
DA:35,2
DA:36,2
DA:39,1
DA:40,7
DA:41,7
DA:42,47
DA:43,47
DA:45,564
DA:48,47
DA:50,7
DA:52,1
LF:28
LH:28
BRDA:33,0,0,4
BRDA:33,0,1,20
BRDA:45,1,0,81
BRDA:45,1,1,483
BRF:4
BRH:4
end_of_record
